<?xml version="1.0" encoding="UTF-8"?>
<testng-results ignored="0" total="1" passed="1" failed="0" skipped="0">
  <reporter-output>
  </reporter-output>
  <suite started-at="2021-05-13T23:44:27 IST" name="Default suite" finished-at="2021-05-13T23:44:49 IST" duration-ms="22252">
    <groups>
    </groups>
    <test started-at="2021-05-13T23:44:27 IST" name="Default test" finished-at="2021-05-13T23:44:49 IST" duration-ms="22252">
      <class name="restAssured.BookControllerRest">
        <test-method is-config="true" signature="setup()[pri:0, instance:restAssured.BookControllerRest@32ee6fee]" started-at="2021-05-13T23:44:27 IST" name="setup" finished-at="2021-05-13T23:44:31 IST" duration-ms="3620" status="PASS">
          <reporter-output>
          </reporter-output>
        </test-method> <!-- setup -->
        <test-method signature="getAllBooks()[pri:0, instance:restAssured.BookControllerRest@32ee6fee]" started-at="2021-05-13T23:44:31 IST" name="getAllBooks" finished-at="2021-05-13T23:44:49 IST" duration-ms="18603" status="PASS">
          <reporter-output>
          </reporter-output>
        </test-method> <!-- getAllBooks -->
      </class> <!-- restAssured.BookControllerRest -->
    </test> <!-- Default test -->
  </suite> <!-- Default suite -->
</testng-results>
